<?xml version="1.0" encoding="UTF-8"?>
<testsuite xmlns:xsi="http://www.w3.org/2001/XMLSchema-instance" xsi:noNamespaceSchemaLocation="https://maven.apache.org/surefire/maven-surefire-plugin/xsd/surefire-test-report-3.0.xsd" version="3.0" name="io.github.casuallc.AppTest" time="0.004" tests="1" errors="0" skipped="0" failures="0">
  <properties>
    <property name="sun.desktop" value="windows"/>
    <property name="awt.toolkit" value="sun.awt.windows.WToolkit"/>
    <property name="file.encoding.pkg" value="sun.io"/>
    <property name="java.specification.version" value="1.8"/>
    <property name="sun.cpu.isalist" value="amd64"/>
    <property name="sun.jnu.encoding" value="GBK"/>
    <property name="java.class.path" value="G:\code\clooker\admq-spring-boot-starter\target\test-classes;G:\code\clooker\admq-spring-boot-starter\target\classes;E:\apache-maven-3.8.1\repo\junit\junit\3.8.1\junit-3.8.1.jar;E:\apache-maven-3.8.1\repo\org\springframework\boot\spring-boot-starter\2.1.3.RELEASE\spring-boot-starter-2.1.3.RELEASE.jar;E:\apache-maven-3.8.1\repo\org\springframework\boot\spring-boot\2.1.3.RELEASE\spring-boot-2.1.3.RELEASE.jar;E:\apache-maven-3.8.1\repo\org\springframework\spring-context\5.1.5.RELEASE\spring-context-5.1.5.RELEASE.jar;E:\apache-maven-3.8.1\repo\org\springframework\spring-aop\5.1.5.RELEASE\spring-aop-5.1.5.RELEASE.jar;E:\apache-maven-3.8.1\repo\org\springframework\spring-beans\5.1.5.RELEASE\spring-beans-5.1.5.RELEASE.jar;E:\apache-maven-3.8.1\repo\org\springframework\spring-expression\5.1.5.RELEASE\spring-expression-5.1.5.RELEASE.jar;E:\apache-maven-3.8.1\repo\org\springframework\boot\spring-boot-autoconfigure\2.1.3.RELEASE\spring-boot-autoconfigure-2.1.3.RELEASE.jar;E:\apache-maven-3.8.1\repo\org\springframework\boot\spring-boot-starter-logging\2.1.3.RELEASE\spring-boot-starter-logging-2.1.3.RELEASE.jar;E:\apache-maven-3.8.1\repo\ch\qos\logback\logback-classic\1.2.3\logback-classic-1.2.3.jar;E:\apache-maven-3.8.1\repo\ch\qos\logback\logback-core\1.2.3\logback-core-1.2.3.jar;E:\apache-maven-3.8.1\repo\org\apache\logging\log4j\log4j-to-slf4j\2.11.2\log4j-to-slf4j-2.11.2.jar;E:\apache-maven-3.8.1\repo\org\apache\logging\log4j\log4j-api\2.11.2\log4j-api-2.11.2.jar;E:\apache-maven-3.8.1\repo\org\slf4j\jul-to-slf4j\1.7.25\jul-to-slf4j-1.7.25.jar;E:\apache-maven-3.8.1\repo\javax\annotation\javax.annotation-api\1.3.2\javax.annotation-api-1.3.2.jar;E:\apache-maven-3.8.1\repo\org\springframework\spring-core\5.1.5.RELEASE\spring-core-5.1.5.RELEASE.jar;E:\apache-maven-3.8.1\repo\org\springframework\spring-jcl\5.1.5.RELEASE\spring-jcl-5.1.5.RELEASE.jar;E:\apache-maven-3.8.1\repo\org\yaml\snakeyaml\1.23\snakeyaml-1.23.jar;E:\apache-maven-3.8.1\repo\org\springframework\boot\spring-boot-configuration-processor\2.1.3.RELEASE\spring-boot-configuration-processor-2.1.3.RELEASE.jar;E:\apache-maven-3.8.1\repo\org\apache\pulsar\pulsar-client-original\2.9.3\pulsar-client-original-2.9.3.jar;E:\apache-maven-3.8.1\repo\org\apache\pulsar\pulsar-client-api\2.9.3\pulsar-client-api-2.9.3.jar;E:\apache-maven-3.8.1\repo\org\apache\pulsar\pulsar-common\2.9.3\pulsar-common-2.9.3.jar;E:\apache-maven-3.8.1\repo\org\apache\pulsar\pulsar-client-admin-api\2.9.3\pulsar-client-admin-api-2.9.3.jar;E:\apache-maven-3.8.1\repo\io\swagger\swagger-annotations\1.6.2\swagger-annotations-1.6.2.jar;E:\apache-maven-3.8.1\repo\com\fasterxml\jackson\core\jackson-databind\2.9.8\jackson-databind-2.9.8.jar;E:\apache-maven-3.8.1\repo\com\google\guava\guava\30.1-jre\guava-30.1-jre.jar;E:\apache-maven-3.8.1\repo\com\google\guava\failureaccess\1.0.1\failureaccess-1.0.1.jar;E:\apache-maven-3.8.1\repo\com\google\guava\listenablefuture\9999.0-empty-to-avoid-conflict-with-guava\listenablefuture-9999.0-empty-to-avoid-conflict-with-guava.jar;E:\apache-maven-3.8.1\repo\com\google\code\findbugs\jsr305\3.0.2\jsr305-3.0.2.jar;E:\apache-maven-3.8.1\repo\org\checkerframework\checker-qual\3.5.0\checker-qual-3.5.0.jar;E:\apache-maven-3.8.1\repo\com\google\errorprone\error_prone_annotations\2.3.4\error_prone_annotations-2.3.4.jar;E:\apache-maven-3.8.1\repo\com\google\j2objc\j2objc-annotations\1.3\j2objc-annotations-1.3.jar;E:\apache-maven-3.8.1\repo\io\netty\netty-handler\4.1.33.Final\netty-handler-4.1.33.Final.jar;E:\apache-maven-3.8.1\repo\io\netty\netty-transport-native-epoll\4.1.33.Final\netty-transport-native-epoll-4.1.33.Final-linux-x86_64.jar;E:\apache-maven-3.8.1\repo\io\netty\netty-transport-native-unix-common\4.1.33.Final\netty-transport-native-unix-common-4.1.33.Final.jar;E:\apache-maven-3.8.1\repo\io\netty\netty-transport-native-unix-common\4.1.33.Final\netty-transport-native-unix-common-4.1.33.Final-linux-x86_64.jar;E:\apache-maven-3.8.1\repo\org\apache\bookkeeper\bookkeeper-common-allocator\4.14.5\bookkeeper-common-allocator-4.14.5.jar;E:\apache-maven-3.8.1\repo\org\apache\bookkeeper\cpu-affinity\4.14.5\cpu-affinity-4.14.5.jar;E:\apache-maven-3.8.1\repo\commons-configuration\commons-configuration\1.10\commons-configuration-1.10.jar;E:\apache-maven-3.8.1\repo\commons-lang\commons-lang\2.6\commons-lang-2.6.jar;E:\apache-maven-3.8.1\repo\commons-logging\commons-logging\1.1.1\commons-logging-1.1.1.jar;E:\apache-maven-3.8.1\repo\io\airlift\aircompressor\0.20\aircompressor-0.20.jar;E:\apache-maven-3.8.1\repo\org\apache\bookkeeper\circe-checksum\4.14.5\circe-checksum-4.14.5.jar;E:\apache-maven-3.8.1\repo\io\netty\netty-tcnative-boringssl-static\2.0.20.Final\netty-tcnative-boringssl-static-2.0.20.Final.jar;E:\apache-maven-3.8.1\repo\io\netty\netty-codec-haproxy\4.1.33.Final\netty-codec-haproxy-4.1.33.Final.jar;E:\apache-maven-3.8.1\repo\com\fasterxml\jackson\dataformat\jackson-dataformat-yaml\2.9.8\jackson-dataformat-yaml-2.9.8.jar;E:\apache-maven-3.8.1\repo\javax\ws\rs\javax.ws.rs-api\2.1\javax.ws.rs-api-2.1.jar;E:\apache-maven-3.8.1\repo\commons-io\commons-io\2.8.0\commons-io-2.8.0.jar;E:\apache-maven-3.8.1\repo\com\beust\jcommander\1.78\jcommander-1.78.jar;E:\apache-maven-3.8.1\repo\org\apache\pulsar\pulsar-transaction-common\2.9.3\pulsar-transaction-common-2.9.3.jar;E:\apache-maven-3.8.1\repo\org\apache\pulsar\bouncy-castle-bc\2.9.3\bouncy-castle-bc-2.9.3-pkg.jar;E:\apache-maven-3.8.1\repo\org\bouncycastle\bcpkix-jdk15on\1.69\bcpkix-jdk15on-1.69.jar;E:\apache-maven-3.8.1\repo\org\bouncycastle\bcprov-jdk15on\1.69\bcprov-jdk15on-1.69.jar;E:\apache-maven-3.8.1\repo\org\bouncycastle\bcutil-jdk15on\1.69\bcutil-jdk15on-1.69.jar;E:\apache-maven-3.8.1\repo\org\bouncycastle\bcprov-ext-jdk15on\1.69\bcprov-ext-jdk15on-1.69.jar;E:\apache-maven-3.8.1\repo\io\netty\netty-codec-http\4.1.33.Final\netty-codec-http-4.1.33.Final.jar;E:\apache-maven-3.8.1\repo\io\netty\netty-common\4.1.33.Final\netty-common-4.1.33.Final.jar;E:\apache-maven-3.8.1\repo\io\netty\netty-buffer\4.1.33.Final\netty-buffer-4.1.33.Final.jar;E:\apache-maven-3.8.1\repo\io\netty\netty-transport\4.1.33.Final\netty-transport-4.1.33.Final.jar;E:\apache-maven-3.8.1\repo\io\netty\netty-codec\4.1.33.Final\netty-codec-4.1.33.Final.jar;E:\apache-maven-3.8.1\repo\io\netty\netty-handler-proxy\4.1.33.Final\netty-handler-proxy-4.1.33.Final.jar;E:\apache-maven-3.8.1\repo\io\netty\netty-codec-socks\4.1.33.Final\netty-codec-socks-4.1.33.Final.jar;E:\apache-maven-3.8.1\repo\io\netty\netty-resolver-dns\4.1.33.Final\netty-resolver-dns-4.1.33.Final.jar;E:\apache-maven-3.8.1\repo\io\netty\netty-resolver\4.1.33.Final\netty-resolver-4.1.33.Final.jar;E:\apache-maven-3.8.1\repo\io\netty\netty-codec-dns\4.1.33.Final\netty-codec-dns-4.1.33.Final.jar;E:\apache-maven-3.8.1\repo\org\apache\commons\commons-lang3\3.8.1\commons-lang3-3.8.1.jar;E:\apache-maven-3.8.1\repo\org\asynchttpclient\async-http-client\2.12.1\async-http-client-2.12.1.jar;E:\apache-maven-3.8.1\repo\org\asynchttpclient\async-http-client-netty-utils\2.12.1\async-http-client-netty-utils-2.12.1.jar;E:\apache-maven-3.8.1\repo\com\typesafe\netty\netty-reactive-streams\2.0.4\netty-reactive-streams-2.0.4.jar;E:\apache-maven-3.8.1\repo\com\sun\activation\javax.activation\1.2.0\javax.activation-1.2.0.jar;E:\apache-maven-3.8.1\repo\org\slf4j\slf4j-api\1.7.25\slf4j-api-1.7.25.jar;E:\apache-maven-3.8.1\repo\commons-codec\commons-codec\1.11\commons-codec-1.11.jar;E:\apache-maven-3.8.1\repo\com\yahoo\datasketches\sketches-core\0.8.3\sketches-core-0.8.3.jar;E:\apache-maven-3.8.1\repo\com\yahoo\datasketches\memory\0.8.3\memory-0.8.3.jar;E:\apache-maven-3.8.1\repo\com\google\code\gson\gson\2.8.5\gson-2.8.5.jar;E:\apache-maven-3.8.1\repo\org\apache\avro\avro\1.10.2\avro-1.10.2.jar;E:\apache-maven-3.8.1\repo\com\fasterxml\jackson\core\jackson-core\2.9.8\jackson-core-2.9.8.jar;E:\apache-maven-3.8.1\repo\org\apache\commons\commons-compress\1.20\commons-compress-1.20.jar;E:\apache-maven-3.8.1\repo\org\apache\avro\avro-protobuf\1.10.2\avro-protobuf-1.10.2.jar;E:\apache-maven-3.8.1\repo\com\fasterxml\jackson\module\jackson-module-jsonSchema\2.9.8\jackson-module-jsonSchema-2.9.8.jar;E:\apache-maven-3.8.1\repo\com\fasterxml\jackson\core\jackson-annotations\2.9.0\jackson-annotations-2.9.0.jar;E:\apache-maven-3.8.1\repo\javax\validation\validation-api\2.0.1.Final\validation-api-2.0.1.Final.jar;E:\apache-maven-3.8.1\repo\net\jcip\jcip-annotations\1.0\jcip-annotations-1.0.jar;E:\apache-maven-3.8.1\repo\io\projectreactor\reactor-core\3.4.16\reactor-core-3.4.16.jar;E:\apache-maven-3.8.1\repo\org\reactivestreams\reactive-streams\1.0.2\reactive-streams-1.0.2.jar;E:\apache-maven-3.8.1\repo\com\google\protobuf\protobuf-java\3.20.0\protobuf-java-3.20.0.jar;"/>
    <property name="java.vm.vendor" value="Oracle Corporation"/>
    <property name="sun.arch.data.model" value="64"/>
    <property name="user.variant" value=""/>
    <property name="java.vendor.url" value="http://java.oracle.com/"/>
    <property name="user.timezone" value="Asia/Shanghai"/>
    <property name="java.vm.specification.version" value="1.8"/>
    <property name="os.name" value="Windows 10"/>
    <property name="user.country" value="CN"/>
    <property name="sun.java.launcher" value="SUN_STANDARD"/>
    <property name="sun.boot.library.path" value="E:\Java\jdk1.8.0_291\jre\bin"/>
    <property name="sun.java.command" value="C:\Users\casua\AppData\Local\Temp\surefire3114229553033935323\surefirebooter4199977343502359693.jar C:\Users\casua\AppData\Local\Temp\surefire3114229553033935323 2023-02-28T17-21-39_141-jvmRun1 surefire7421839024462627592tmp surefire_05535425215013039570tmp"/>
    <property name="surefire.test.class.path" value="G:\code\clooker\admq-spring-boot-starter\target\test-classes;G:\code\clooker\admq-spring-boot-starter\target\classes;E:\apache-maven-3.8.1\repo\junit\junit\3.8.1\junit-3.8.1.jar;E:\apache-maven-3.8.1\repo\org\springframework\boot\spring-boot-starter\2.1.3.RELEASE\spring-boot-starter-2.1.3.RELEASE.jar;E:\apache-maven-3.8.1\repo\org\springframework\boot\spring-boot\2.1.3.RELEASE\spring-boot-2.1.3.RELEASE.jar;E:\apache-maven-3.8.1\repo\org\springframework\spring-context\5.1.5.RELEASE\spring-context-5.1.5.RELEASE.jar;E:\apache-maven-3.8.1\repo\org\springframework\spring-aop\5.1.5.RELEASE\spring-aop-5.1.5.RELEASE.jar;E:\apache-maven-3.8.1\repo\org\springframework\spring-beans\5.1.5.RELEASE\spring-beans-5.1.5.RELEASE.jar;E:\apache-maven-3.8.1\repo\org\springframework\spring-expression\5.1.5.RELEASE\spring-expression-5.1.5.RELEASE.jar;E:\apache-maven-3.8.1\repo\org\springframework\boot\spring-boot-autoconfigure\2.1.3.RELEASE\spring-boot-autoconfigure-2.1.3.RELEASE.jar;E:\apache-maven-3.8.1\repo\org\springframework\boot\spring-boot-starter-logging\2.1.3.RELEASE\spring-boot-starter-logging-2.1.3.RELEASE.jar;E:\apache-maven-3.8.1\repo\ch\qos\logback\logback-classic\1.2.3\logback-classic-1.2.3.jar;E:\apache-maven-3.8.1\repo\ch\qos\logback\logback-core\1.2.3\logback-core-1.2.3.jar;E:\apache-maven-3.8.1\repo\org\apache\logging\log4j\log4j-to-slf4j\2.11.2\log4j-to-slf4j-2.11.2.jar;E:\apache-maven-3.8.1\repo\org\apache\logging\log4j\log4j-api\2.11.2\log4j-api-2.11.2.jar;E:\apache-maven-3.8.1\repo\org\slf4j\jul-to-slf4j\1.7.25\jul-to-slf4j-1.7.25.jar;E:\apache-maven-3.8.1\repo\javax\annotation\javax.annotation-api\1.3.2\javax.annotation-api-1.3.2.jar;E:\apache-maven-3.8.1\repo\org\springframework\spring-core\5.1.5.RELEASE\spring-core-5.1.5.RELEASE.jar;E:\apache-maven-3.8.1\repo\org\springframework\spring-jcl\5.1.5.RELEASE\spring-jcl-5.1.5.RELEASE.jar;E:\apache-maven-3.8.1\repo\org\yaml\snakeyaml\1.23\snakeyaml-1.23.jar;E:\apache-maven-3.8.1\repo\org\springframework\boot\spring-boot-configuration-processor\2.1.3.RELEASE\spring-boot-configuration-processor-2.1.3.RELEASE.jar;E:\apache-maven-3.8.1\repo\org\apache\pulsar\pulsar-client-original\2.9.3\pulsar-client-original-2.9.3.jar;E:\apache-maven-3.8.1\repo\org\apache\pulsar\pulsar-client-api\2.9.3\pulsar-client-api-2.9.3.jar;E:\apache-maven-3.8.1\repo\org\apache\pulsar\pulsar-common\2.9.3\pulsar-common-2.9.3.jar;E:\apache-maven-3.8.1\repo\org\apache\pulsar\pulsar-client-admin-api\2.9.3\pulsar-client-admin-api-2.9.3.jar;E:\apache-maven-3.8.1\repo\io\swagger\swagger-annotations\1.6.2\swagger-annotations-1.6.2.jar;E:\apache-maven-3.8.1\repo\com\fasterxml\jackson\core\jackson-databind\2.9.8\jackson-databind-2.9.8.jar;E:\apache-maven-3.8.1\repo\com\google\guava\guava\30.1-jre\guava-30.1-jre.jar;E:\apache-maven-3.8.1\repo\com\google\guava\failureaccess\1.0.1\failureaccess-1.0.1.jar;E:\apache-maven-3.8.1\repo\com\google\guava\listenablefuture\9999.0-empty-to-avoid-conflict-with-guava\listenablefuture-9999.0-empty-to-avoid-conflict-with-guava.jar;E:\apache-maven-3.8.1\repo\com\google\code\findbugs\jsr305\3.0.2\jsr305-3.0.2.jar;E:\apache-maven-3.8.1\repo\org\checkerframework\checker-qual\3.5.0\checker-qual-3.5.0.jar;E:\apache-maven-3.8.1\repo\com\google\errorprone\error_prone_annotations\2.3.4\error_prone_annotations-2.3.4.jar;E:\apache-maven-3.8.1\repo\com\google\j2objc\j2objc-annotations\1.3\j2objc-annotations-1.3.jar;E:\apache-maven-3.8.1\repo\io\netty\netty-handler\4.1.33.Final\netty-handler-4.1.33.Final.jar;E:\apache-maven-3.8.1\repo\io\netty\netty-transport-native-epoll\4.1.33.Final\netty-transport-native-epoll-4.1.33.Final-linux-x86_64.jar;E:\apache-maven-3.8.1\repo\io\netty\netty-transport-native-unix-common\4.1.33.Final\netty-transport-native-unix-common-4.1.33.Final.jar;E:\apache-maven-3.8.1\repo\io\netty\netty-transport-native-unix-common\4.1.33.Final\netty-transport-native-unix-common-4.1.33.Final-linux-x86_64.jar;E:\apache-maven-3.8.1\repo\org\apache\bookkeeper\bookkeeper-common-allocator\4.14.5\bookkeeper-common-allocator-4.14.5.jar;E:\apache-maven-3.8.1\repo\org\apache\bookkeeper\cpu-affinity\4.14.5\cpu-affinity-4.14.5.jar;E:\apache-maven-3.8.1\repo\commons-configuration\commons-configuration\1.10\commons-configuration-1.10.jar;E:\apache-maven-3.8.1\repo\commons-lang\commons-lang\2.6\commons-lang-2.6.jar;E:\apache-maven-3.8.1\repo\commons-logging\commons-logging\1.1.1\commons-logging-1.1.1.jar;E:\apache-maven-3.8.1\repo\io\airlift\aircompressor\0.20\aircompressor-0.20.jar;E:\apache-maven-3.8.1\repo\org\apache\bookkeeper\circe-checksum\4.14.5\circe-checksum-4.14.5.jar;E:\apache-maven-3.8.1\repo\io\netty\netty-tcnative-boringssl-static\2.0.20.Final\netty-tcnative-boringssl-static-2.0.20.Final.jar;E:\apache-maven-3.8.1\repo\io\netty\netty-codec-haproxy\4.1.33.Final\netty-codec-haproxy-4.1.33.Final.jar;E:\apache-maven-3.8.1\repo\com\fasterxml\jackson\dataformat\jackson-dataformat-yaml\2.9.8\jackson-dataformat-yaml-2.9.8.jar;E:\apache-maven-3.8.1\repo\javax\ws\rs\javax.ws.rs-api\2.1\javax.ws.rs-api-2.1.jar;E:\apache-maven-3.8.1\repo\commons-io\commons-io\2.8.0\commons-io-2.8.0.jar;E:\apache-maven-3.8.1\repo\com\beust\jcommander\1.78\jcommander-1.78.jar;E:\apache-maven-3.8.1\repo\org\apache\pulsar\pulsar-transaction-common\2.9.3\pulsar-transaction-common-2.9.3.jar;E:\apache-maven-3.8.1\repo\org\apache\pulsar\bouncy-castle-bc\2.9.3\bouncy-castle-bc-2.9.3-pkg.jar;E:\apache-maven-3.8.1\repo\org\bouncycastle\bcpkix-jdk15on\1.69\bcpkix-jdk15on-1.69.jar;E:\apache-maven-3.8.1\repo\org\bouncycastle\bcprov-jdk15on\1.69\bcprov-jdk15on-1.69.jar;E:\apache-maven-3.8.1\repo\org\bouncycastle\bcutil-jdk15on\1.69\bcutil-jdk15on-1.69.jar;E:\apache-maven-3.8.1\repo\org\bouncycastle\bcprov-ext-jdk15on\1.69\bcprov-ext-jdk15on-1.69.jar;E:\apache-maven-3.8.1\repo\io\netty\netty-codec-http\4.1.33.Final\netty-codec-http-4.1.33.Final.jar;E:\apache-maven-3.8.1\repo\io\netty\netty-common\4.1.33.Final\netty-common-4.1.33.Final.jar;E:\apache-maven-3.8.1\repo\io\netty\netty-buffer\4.1.33.Final\netty-buffer-4.1.33.Final.jar;E:\apache-maven-3.8.1\repo\io\netty\netty-transport\4.1.33.Final\netty-transport-4.1.33.Final.jar;E:\apache-maven-3.8.1\repo\io\netty\netty-codec\4.1.33.Final\netty-codec-4.1.33.Final.jar;E:\apache-maven-3.8.1\repo\io\netty\netty-handler-proxy\4.1.33.Final\netty-handler-proxy-4.1.33.Final.jar;E:\apache-maven-3.8.1\repo\io\netty\netty-codec-socks\4.1.33.Final\netty-codec-socks-4.1.33.Final.jar;E:\apache-maven-3.8.1\repo\io\netty\netty-resolver-dns\4.1.33.Final\netty-resolver-dns-4.1.33.Final.jar;E:\apache-maven-3.8.1\repo\io\netty\netty-resolver\4.1.33.Final\netty-resolver-4.1.33.Final.jar;E:\apache-maven-3.8.1\repo\io\netty\netty-codec-dns\4.1.33.Final\netty-codec-dns-4.1.33.Final.jar;E:\apache-maven-3.8.1\repo\org\apache\commons\commons-lang3\3.8.1\commons-lang3-3.8.1.jar;E:\apache-maven-3.8.1\repo\org\asynchttpclient\async-http-client\2.12.1\async-http-client-2.12.1.jar;E:\apache-maven-3.8.1\repo\org\asynchttpclient\async-http-client-netty-utils\2.12.1\async-http-client-netty-utils-2.12.1.jar;E:\apache-maven-3.8.1\repo\com\typesafe\netty\netty-reactive-streams\2.0.4\netty-reactive-streams-2.0.4.jar;E:\apache-maven-3.8.1\repo\com\sun\activation\javax.activation\1.2.0\javax.activation-1.2.0.jar;E:\apache-maven-3.8.1\repo\org\slf4j\slf4j-api\1.7.25\slf4j-api-1.7.25.jar;E:\apache-maven-3.8.1\repo\commons-codec\commons-codec\1.11\commons-codec-1.11.jar;E:\apache-maven-3.8.1\repo\com\yahoo\datasketches\sketches-core\0.8.3\sketches-core-0.8.3.jar;E:\apache-maven-3.8.1\repo\com\yahoo\datasketches\memory\0.8.3\memory-0.8.3.jar;E:\apache-maven-3.8.1\repo\com\google\code\gson\gson\2.8.5\gson-2.8.5.jar;E:\apache-maven-3.8.1\repo\org\apache\avro\avro\1.10.2\avro-1.10.2.jar;E:\apache-maven-3.8.1\repo\com\fasterxml\jackson\core\jackson-core\2.9.8\jackson-core-2.9.8.jar;E:\apache-maven-3.8.1\repo\org\apache\commons\commons-compress\1.20\commons-compress-1.20.jar;E:\apache-maven-3.8.1\repo\org\apache\avro\avro-protobuf\1.10.2\avro-protobuf-1.10.2.jar;E:\apache-maven-3.8.1\repo\com\fasterxml\jackson\module\jackson-module-jsonSchema\2.9.8\jackson-module-jsonSchema-2.9.8.jar;E:\apache-maven-3.8.1\repo\com\fasterxml\jackson\core\jackson-annotations\2.9.0\jackson-annotations-2.9.0.jar;E:\apache-maven-3.8.1\repo\javax\validation\validation-api\2.0.1.Final\validation-api-2.0.1.Final.jar;E:\apache-maven-3.8.1\repo\net\jcip\jcip-annotations\1.0\jcip-annotations-1.0.jar;E:\apache-maven-3.8.1\repo\io\projectreactor\reactor-core\3.4.16\reactor-core-3.4.16.jar;E:\apache-maven-3.8.1\repo\org\reactivestreams\reactive-streams\1.0.2\reactive-streams-1.0.2.jar;E:\apache-maven-3.8.1\repo\com\google\protobuf\protobuf-java\3.20.0\protobuf-java-3.20.0.jar;"/>
    <property name="sun.cpu.endian" value="little"/>
    <property name="user.home" value="C:\Users\casua"/>
    <property name="user.language" value="zh"/>
    <property name="java.specification.vendor" value="Oracle Corporation"/>
    <property name="java.home" value="E:\Java\jdk1.8.0_291\jre"/>
    <property name="basedir" value="G:\code\clooker\admq-spring-boot-starter"/>
    <property name="file.separator" value="\"/>
    <property name="line.separator" value="&#10;"/>
    <property name="java.vm.specification.vendor" value="Oracle Corporation"/>
    <property name="java.specification.name" value="Java Platform API Specification"/>
    <property name="java.awt.graphicsenv" value="sun.awt.Win32GraphicsEnvironment"/>
    <property name="surefire.real.class.path" value="C:\Users\casua\AppData\Local\Temp\surefire3114229553033935323\surefirebooter4199977343502359693.jar"/>
    <property name="sun.boot.class.path" value="E:\Java\jdk1.8.0_291\jre\lib\resources.jar;E:\Java\jdk1.8.0_291\jre\lib\rt.jar;E:\Java\jdk1.8.0_291\jre\lib\sunrsasign.jar;E:\Java\jdk1.8.0_291\jre\lib\jsse.jar;E:\Java\jdk1.8.0_291\jre\lib\jce.jar;E:\Java\jdk1.8.0_291\jre\lib\charsets.jar;E:\Java\jdk1.8.0_291\jre\lib\jfr.jar;E:\Java\jdk1.8.0_291\jre\classes"/>
    <property name="user.script" value=""/>
    <property name="sun.management.compiler" value="HotSpot 64-Bit Tiered Compilers"/>
    <property name="java.runtime.version" value="1.8.0_291-b10"/>
    <property name="user.name" value="casua"/>
    <property name="path.separator" value=";"/>
    <property name="os.version" value="10.0"/>
    <property name="java.endorsed.dirs" value="E:\Java\jdk1.8.0_291\jre\lib\endorsed"/>
    <property name="java.runtime.name" value="Java(TM) SE Runtime Environment"/>
    <property name="file.encoding" value="GBK"/>
    <property name="java.vm.name" value="Java HotSpot(TM) 64-Bit Server VM"/>
    <property name="localRepository" value="E:\apache-maven-3.8.1\repo"/>
    <property name="java.vendor.url.bug" value="http://bugreport.sun.com/bugreport/"/>
    <property name="java.io.tmpdir" value="C:\Users\casua\AppData\Local\Temp\"/>
    <property name="java.version" value="1.8.0_291"/>
    <property name="user.dir" value="G:\code\clooker\admq-spring-boot-starter"/>
    <property name="os.arch" value="amd64"/>
    <property name="java.vm.specification.name" value="Java Virtual Machine Specification"/>
    <property name="java.awt.printerjob" value="sun.awt.windows.WPrinterJob"/>
    <property name="sun.os.patch.level" value=""/>
    <property name="java.library.path" value="E:\Java\jdk1.8.0_291\jre\bin;C:\Windows\Sun\Java\bin;C:\Windows\system32;C:\Windows;C:\Windows\system32;C:\Windows;C:\Windows\System32\Wbem;C:\Windows\System32\WindowsPowerShell\v1.0\;C:\Windows\System32\OpenSSH\;C:\Program Files\dotnet\;E:\Xshell 7\;C:\Program Files\Git\cmd;C:\Program Files\nodejs\;C:\Program Files (x86)\Yarn\bin\;E:\apache-maven-3.8.1\bin;E:\Java\jdk1.8.0_291\bin;C:\Users\casua\AppData\Local\Microsoft\WindowsApps;C:\Users\casua\AppData\Roaming\npm;C:\Users\casua\AppData\Local\Yarn\bin;."/>
    <property name="java.vm.info" value="mixed mode"/>
    <property name="java.vendor" value="Oracle Corporation"/>
    <property name="java.vm.version" value="25.291-b10"/>
    <property name="java.ext.dirs" value="E:\Java\jdk1.8.0_291\jre\lib\ext;C:\Windows\Sun\Java\lib\ext"/>
    <property name="sun.io.unicode.encoding" value="UnicodeLittle"/>
    <property name="java.class.version" value="52.0"/>
  </properties>
  <testcase name="testApp" classname="io.github.casuallc.AppTest" time="0"/>
</testsuite>